D:\科林习题\！！科林上课练习\直播\ZHIBOAUTHOR\ZHIBOAUTHOR\DEBUG\ZHIBOAUTHOR.PCH
D:\科林习题\！！科林上课练习\直播\ZHIBOAUTHOR\ZHIBOAUTHOR\DEBUG\STDAFX.OBJ
D:\科林习题\！！科林上课练习\直播\ZHIBOAUTHOR\ZHIBOAUTHOR\DEBUG\VC110.PDB
D:\科林习题\！！科林上课练习\直播\ZHIBOAUTHOR\ZHIBOAUTHOR\DEBUG\MYAES.OBJ
D:\科林习题\！！科林上课练习\直播\ZHIBOAUTHOR\ZHIBOAUTHOR\DEBUG\TCPNET.OBJ
D:\科林习题\！！科林上课练习\直播\ZHIBOAUTHOR\ZHIBOAUTHOR\DEBUG\TCPKERNEL.OBJ
D:\科林习题\！！科林上课练习\直播\ZHIBOAUTHOR\ZHIBOAUTHOR\DEBUG\ZHIBOAUTHOR.OBJ
D:\科林习题\！！科林上课练习\直播\ZHIBOAUTHOR\ZHIBOAUTHOR\DEBUG\ZHIBOAUTHORDLG.OBJ
D:\科林习题\！！科林上课练习\直播\ZHIBOAUTHOR\DEBUG\ZHIBOAUTHOR.ILK
D:\科林习题\！！科林上课练习\直播\ZHIBOAUTHOR\DEBUG\ZHIBOAUTHOR.EXE
D:\科林习题\！！科林上课练习\直播\ZHIBOAUTHOR\DEBUG\ZHIBOAUTHOR.PDB
D:\科林习题\！！科林上课练习\直播\ZHIBOAUTHOR\ZHIBOAUTHOR\DEBUG\ZHIBOAUTHOR.RES
D:\科林习题\！！科林上课练习\直播\zhiboAuthor\zhiboAuthor\Debug\MyAes.obj
D:\科林习题\！！科林上课练习\直播\zhiboAuthor\zhiboAuthor\Debug\stdafx.obj
D:\科林习题\！！科林上课练习\直播\zhiboAuthor\zhiboAuthor\Debug\TCPKernel.obj
D:\科林习题\！！科林上课练习\直播\zhiboAuthor\zhiboAuthor\Debug\TCPNet.obj
D:\科林习题\！！科林上课练习\直播\zhiboAuthor\zhiboAuthor\Debug\zhiboAuthor.obj
D:\科林习题\！！科林上课练习\直播\zhiboAuthor\zhiboAuthor\Debug\zhiboAuthorDlg.obj
D:\科林习题\！！科林上课练习\直播\zhiboAuthor\zhiboAuthor\Debug\cl.command.1.tlog
D:\科林习题\！！科林上课练习\直播\zhiboAuthor\zhiboAuthor\Debug\CL.read.1.tlog
D:\科林习题\！！科林上课练习\直播\zhiboAuthor\zhiboAuthor\Debug\CL.write.1.tlog
D:\科林习题\！！科林上课练习\直播\zhiboAuthor\zhiboAuthor\Debug\link-cvtres.read.1.tlog
D:\科林习题\！！科林上课练习\直播\zhiboAuthor\zhiboAuthor\Debug\link-cvtres.write.1.tlog
D:\科林习题\！！科林上课练习\直播\zhiboAuthor\zhiboAuthor\Debug\link-mt.read.1.tlog
D:\科林习题\！！科林上课练习\直播\zhiboAuthor\zhiboAuthor\Debug\link-mt.write.1.tlog
D:\科林习题\！！科林上课练习\直播\zhiboAuthor\zhiboAuthor\Debug\link-rc.read.1.tlog
D:\科林习题\！！科林上课练习\直播\zhiboAuthor\zhiboAuthor\Debug\link-rc.write.1.tlog
D:\科林习题\！！科林上课练习\直播\zhiboAuthor\zhiboAuthor\Debug\link.command.1.tlog
D:\科林习题\！！科林上课练习\直播\zhiboAuthor\zhiboAuthor\Debug\link.read.1.tlog
D:\科林习题\！！科林上课练习\直播\zhiboAuthor\zhiboAuthor\Debug\link.write.1.tlog
D:\科林习题\！！科林上课练习\直播\zhiboAuthor\zhiboAuthor\Debug\rc.command.1.tlog
D:\科林习题\！！科林上课练习\直播\zhiboAuthor\zhiboAuthor\Debug\rc.read.1.tlog
D:\科林习题\！！科林上课练习\直播\zhiboAuthor\zhiboAuthor\Debug\rc.write.1.tlog
D:\科林习题\！！科林上课练习\直播\zhiboAuthor\zhiboAuthor\Debug\zhiboAuthor.res
D:\科林习题\！！科林上课练习\直播\zhiboAuthor\zhiboAuthor\Debug\zhiboAuthor.pch
D:\科林习题\！！科林上课练习\直播\zhiboAuthor\zhiboAuthor\Debug\vc110.idb
D:\科林习题\！！科林上课练习\直播\zhiboAuthor\zhiboAuthor\Debug\vc110.pdb
D:\科林习题\！！科林上课练习\直播\zhiboAuthor\Debug\zhiboAuthor.pdb
D:\科林习题\！！科林上课练习\直播\zhiboAuthor\Debug\zhiboAuthor.exe
D:\科林习题\！！科林上课练习\直播\zhiboAuthor\Debug\zhiboAuthor.ilk
